{"uuid":"d7549891-316b-427e-9292-5989ec6e1dfd","historyId":"c5fbd1e85781f0421184a0ecbff1624e","status":"broken","statusDetails":{"message":"[egg-core] load file: D:\\git\\egg-openapi-router\\test\\fixtures\\apps\\openapi-router-test\\app\\router.ts, error: тип Unable to compile TypeScript:\ntest/fixtures/apps/openapi-router-test/app/router.ts(4,17): error TS6133: 'app' is declared but its value is never read.\r\n","trace":"TSError: [egg-core] load file: D:\\git\\egg-openapi-router\\test\\fixtures\\apps\\openapi-router-test\\app\\router.ts, error: тип Unable to compile TypeScript:\ntest/fixtures/apps/openapi-router-test/app/router.ts(4,17): error TS6133: 'app' is declared but its value is never read.\r\n\n    at createTSError (node_modules\\ts-node\\src\\index.ts:261:12)\n    at getOutput (node_modules\\ts-node\\src\\index.ts:367:40)\n    at Object.compile (node_modules\\ts-node\\src\\index.ts:558:11)\n    at Module.m._compile (node_modules\\ts-node\\src\\index.ts:439:43)\n    at Module._extensions..js (internal/modules/cjs/loader.js:1205:10)\n    at extensions..js (node_modules\\espower-loader\\index.js:47:13)\n    at require.extensions.<computed> (node_modules\\ts-node\\src\\index.ts:442:12)\n    at Object.require.extensions.<computed> [as .ts] (node_modules\\espower-typescript\\index.js:42:12)\n    at Module.load (internal/modules/cjs/loader.js:1034:32)\n    at Function.Module._load (internal/modules/cjs/loader.js:923:14)\n    at Module.require (internal/modules/cjs/loader.js:1074:19)\n    at require (internal/modules/cjs/helpers.js:72:18)\n    at Object.loadFile (node_modules\\egg-core\\lib\\utils\\index.js:27:19)\n    at AppWorkerLoader.requireFile (node_modules\\egg-core\\lib\\loader\\egg_loader.js:317:23)\n    at AppWorkerLoader.loadFile (node_modules\\egg-core\\lib\\loader\\egg_loader.js:302:20)\n    at AppWorkerLoader.loadRouter (node_modules\\egg-core\\lib\\loader\\mixin\\router.js:16:10)\n    at AppWorkerLoader.load (node_modules\\egg\\lib\\loader\\app_worker_loader.js:43:10)\n    at new Application (node_modules\\egg\\lib\\application.js:66:19)\n    at new MessengerApplication (node_modules\\egg-mock\\lib\\app.js:252:7)\n    at MockApplication.[init] (node_modules\\egg-mock\\lib\\app.js:86:29)\n    at processTicksAndRejections (internal/process/task_queues.js:97:5)\n    [use `--full-trace` to display the full stack trace]"},"stage":"finished","steps":[],"attachments":[],"parameters":[],"labels":[{"name":"parentSuite","value":"OpenapiRouter: create"}],"links":[],"start":1613632651962,"name":"\"before all\" hook: before for \"init\"","fullName":"\"before all\" hook: before for \"init\"","stop":1613632651963}